0 info it worked if it ends with ok
1 verbose cli [ 'C:\\Program Files (x86)\\nodejs\\\\node.exe',
1 verbose cli   'C:\\Program Files (x86)\\nodejs\\node_modules\\npm\\bin\\npm-cli.js',
1 verbose cli   'update',
1 verbose cli   '-g',
1 verbose cli   'coffee-script' ]
2 info using npm@2.5.1
3 info using node@v0.12.0
4 verbose node symlink C:\Program Files (x86)\nodejs\\node.exe
5 silly mapToRegistry name coffee-script
6 silly mapToRegistry using default registry
7 silly mapToRegistry registry https://registry.npmjs.org/
8 silly mapToRegistry uri https://registry.npmjs.org/coffee-script
9 verbose request uri https://registry.npmjs.org/coffee-script
10 verbose request no auth needed
11 info attempt registry request try #1 at 1:36:59 PM
12 verbose request id e71a3ce4e0d49924
13 verbose etag "CQQVZRMNZQER391F5SQAGIBMD"
14 http request GET https://registry.npmjs.org/coffee-script
15 http 200 https://registry.npmjs.org/coffee-script
16 silly get cb [ 200,
16 silly get   { date: 'Thu, 19 Feb 2015 19:36:59 GMT',
16 silly get     server: 'CouchDB/1.5.0 (Erlang OTP/R16B03)',
16 silly get     etag: '"BZLVOCQVNK02P53ZG3AU4RMQE"',
16 silly get     'content-type': 'application/json',
16 silly get     'cache-control': 'max-age=60',
16 silly get     'content-length': '35827',
16 silly get     'accept-ranges': 'bytes',
16 silly get     via: '1.1 varnish',
16 silly get     age: '36',
16 silly get     'x-served-by': 'cache-iad2147-IAD',
16 silly get     'x-cache': 'HIT',
16 silly get     'x-cache-hits': '2',
16 silly get     'x-timer': 'S1424374619.592103,VS0,VE0',
16 silly get     vary: 'Accept',
16 silly get     'keep-alive': 'timeout=10, max=50',
16 silly get     connection: 'Keep-Alive' } ]
17 verbose get saving coffee-script to C:\Users\OSI-7\AppData\Roaming\npm-cache\registry.npmjs.org\coffee-script\.cache.json
18 silly mapToRegistry name coffee-script
19 silly mapToRegistry using default registry
20 silly mapToRegistry registry https://registry.npmjs.org/
21 silly mapToRegistry uri https://registry.npmjs.org/coffee-script
22 verbose get https://registry.npmjs.org/coffee-script not expired, no request
23 info outdated updating [ [ 'C:\\Users\\OSI-7\\AppData\\Roaming\\npm',
23 info outdated     'coffee-script',
23 info outdated     '1.9.0',
23 info outdated     '1.9.1',
23 info outdated     '1.9.1',
23 info outdated     'latest' ],
23 info outdated   [ 'C:\\Users\\OSI-7\\AppData\\Roaming\\npm\\node_modules\\brunch',
23 info outdated     'coffee-script',
23 info outdated     '1.8.0',
23 info outdated     '1.8.0',
23 info outdated     '1.9.1',
23 info outdated     '~1.8.0' ] ]
24 verbose install where, what [ 'C:\\Users\\OSI-7\\AppData\\Roaming\\npm',
24 verbose install   [ 'coffee-script@1.9.1' ] ]
25 verbose install where, what [ 'C:\\Users\\OSI-7\\AppData\\Roaming\\npm\\node_modules\\brunch',
25 verbose install   [ 'coffee-script@1.8.0' ] ]
26 silly cache add args [ 'coffee-script@1.9.1', null ]
27 verbose cache add spec coffee-script@1.9.1
28 silly cache add parsed spec { raw: 'coffee-script@1.9.1',
28 silly cache add   scope: null,
28 silly cache add   name: 'coffee-script',
28 silly cache add   rawSpec: '1.9.1',
28 silly cache add   spec: '1.9.1',
28 silly cache add   type: 'version' }
29 verbose addNamed coffee-script@1.9.1
30 silly addNamed semver.valid 1.9.1
31 silly addNamed semver.validRange 1.9.1
32 silly mapToRegistry name coffee-script
33 silly mapToRegistry using default registry
34 silly mapToRegistry registry https://registry.npmjs.org/
35 silly mapToRegistry uri https://registry.npmjs.org/coffee-script
36 verbose addNameVersion registry:https://registry.npmjs.org/coffee-script not in flight; fetching
37 verbose request uri https://registry.npmjs.org/coffee-script
38 verbose request no auth needed
39 info attempt registry request try #1 at 1:37:15 PM
40 verbose etag "BZLVOCQVNK02P53ZG3AU4RMQE"
41 http request GET https://registry.npmjs.org/coffee-script
42 silly cache add args [ 'coffee-script@1.8.0', null ]
43 verbose cache add spec coffee-script@1.8.0
44 silly cache add parsed spec { raw: 'coffee-script@1.8.0',
44 silly cache add   scope: null,
44 silly cache add   name: 'coffee-script',
44 silly cache add   rawSpec: '1.8.0',
44 silly cache add   spec: '1.8.0',
44 silly cache add   type: 'version' }
45 verbose addNamed coffee-script@1.8.0
46 silly addNamed semver.valid 1.8.0
47 silly addNamed semver.validRange 1.8.0
48 silly mapToRegistry name coffee-script
49 silly mapToRegistry using default registry
50 silly mapToRegistry registry https://registry.npmjs.org/
51 silly mapToRegistry uri https://registry.npmjs.org/coffee-script
52 verbose addNameVersion registry:https://registry.npmjs.org/coffee-script already in flight; waiting
53 http 304 https://registry.npmjs.org/coffee-script
54 silly get cb [ 304,
54 silly get   { date: 'Thu, 19 Feb 2015 19:37:14 GMT',
54 silly get     server: 'Apache',
54 silly get     via: '1.1 varnish',
54 silly get     'last-modified': 'Thu, 19 Feb 2015 19:36:58 GMT',
54 silly get     'cache-control': 'max-age=60',
54 silly get     etag: '"BZLVOCQVNK02P53ZG3AU4RMQE"',
54 silly get     age: '51',
54 silly get     'x-served-by': 'cache-iad2139-IAD',
54 silly get     'x-cache': 'HIT',
54 silly get     'x-cache-hits': '3',
54 silly get     'x-timer': 'S1424374634.693592,VS0,VE0',
54 silly get     vary: 'Accept',
54 silly get     'content-length': '0',
54 silly get     'keep-alive': 'timeout=10, max=50',
54 silly get     connection: 'Keep-Alive' } ]
55 verbose etag https://registry.npmjs.org/coffee-script from cache
56 verbose get saving coffee-script to C:\Users\OSI-7\AppData\Roaming\npm-cache\registry.npmjs.org\coffee-script\.cache.json
57 silly mapToRegistry name coffee-script
58 silly mapToRegistry using default registry
59 silly mapToRegistry registry https://registry.npmjs.org/
60 silly mapToRegistry uri https://registry.npmjs.org/coffee-script
61 verbose addRemoteTarball https://registry.npmjs.org/coffee-script/-/coffee-script-1.9.1.tgz not in flight; adding
62 verbose addRemoteTarball [ 'https://registry.npmjs.org/coffee-script/-/coffee-script-1.9.1.tgz',
62 verbose addRemoteTarball   'c458d02200f460d064a79cb6ab1ee6e2c9ca1c31' ]
63 info retry fetch attempt 1 at 1:37:16 PM
64 info attempt registry request try #1 at 1:37:16 PM
65 http fetch GET https://registry.npmjs.org/coffee-script/-/coffee-script-1.9.1.tgz
66 silly cache afterAdd coffee-script@1.8.0
67 verbose afterAdd C:\Users\OSI-7\AppData\Roaming\npm-cache\coffee-script\1.8.0\package\package.json not in flight; writing
68 verbose afterAdd C:\Users\OSI-7\AppData\Roaming\npm-cache\coffee-script\1.8.0\package\package.json written
69 silly install resolved [ { name: 'coffee-script',
69 silly install resolved     description: 'Unfancy JavaScript',
69 silly install resolved     keywords: [ 'javascript', 'language', 'coffeescript', 'compiler' ],
69 silly install resolved     author: { name: 'Jeremy Ashkenas' },
69 silly install resolved     version: '1.8.0',
69 silly install resolved     license: 'MIT',
69 silly install resolved     engines: { node: '>=0.8.0' },
69 silly install resolved     directories: { lib: './lib/coffee-script' },
69 silly install resolved     main: './lib/coffee-script/coffee-script',
69 silly install resolved     bin: { coffee: './bin/coffee', cake: './bin/cake' },
69 silly install resolved     preferGlobal: true,
69 silly install resolved     scripts: { test: 'node ./bin/cake test' },
69 silly install resolved     homepage: 'http://coffeescript.org',
69 silly install resolved     bugs: { url: 'https://github.com/jashkenas/coffeescript/issues' },
69 silly install resolved     repository:
69 silly install resolved      { type: 'git',
69 silly install resolved        url: 'git://github.com/jashkenas/coffeescript.git' },
69 silly install resolved     devDependencies:
69 silly install resolved      { 'uglify-js': '~2.2',
69 silly install resolved        jison: '>=0.2.0',
69 silly install resolved        'highlight.js': '~8.0.0',
69 silly install resolved        underscore: '~1.5.2',
69 silly install resolved        docco: '~0.6.2' },
69 silly install resolved     dependencies: { mkdirp: '~0.3.5' },
69 silly install resolved     _id: 'coffee-script@1.8.0',
69 silly install resolved     dist:
69 silly install resolved      { shasum: '9c9f1d2b4a52a000ded15b659791703648263c1d',
69 silly install resolved        tarball: 'http://registry.npmjs.org/coffee-script/-/coffee-script-1.8.0.tgz' },
69 silly install resolved     _from: 'coffee-script@1.8.0',
69 silly install resolved     _npmVersion: '1.3.21',
69 silly install resolved     _npmUser: { name: 'jashkenas', email: 'jashkenas@gmail.com' },
69 silly install resolved     maintainers: [ [Object], [Object] ],
69 silly install resolved     _shasum: '9c9f1d2b4a52a000ded15b659791703648263c1d',
69 silly install resolved     _resolved: 'https://registry.npmjs.org/coffee-script/-/coffee-script-1.8.0.tgz',
69 silly install resolved     readme: 'ERROR: No README data found!' } ]
70 info install coffee-script@1.8.0 into C:\Users\OSI-7\AppData\Roaming\npm\node_modules\brunch
71 info installOne coffee-script@1.8.0
72 verbose installOne of coffee-script to C:\Users\OSI-7\AppData\Roaming\npm\node_modules\brunch not in flight; installing
73 verbose lock using C:\Users\OSI-7\AppData\Roaming\npm-cache\_locks\coffee-script-f6338046fe95aec6.lock for C:\Users\OSI-7\AppData\Roaming\npm\node_modules\brunch\node_modules\coffee-script
74 silly install write writing coffee-script 1.8.0 to C:\Users\OSI-7\AppData\Roaming\npm\node_modules\brunch\node_modules\coffee-script
75 silly cache addNamed cb coffee-script@1.8.0
76 verbose unbuild node_modules\brunch\node_modules\coffee-script
77 info preuninstall coffee-script@1.8.0
78 info uninstall coffee-script@1.8.0
79 verbose unbuild rmStuff coffee-script@1.8.0 from C:\Users\OSI-7\AppData\Roaming\npm\node_modules
80 verbose unbuild rmStuff in C:\Users\OSI-7\AppData\Roaming\npm\node_modules\brunch\node_modules
81 verbose gentlyRm verifying that C:\Users\OSI-7\AppData\Roaming\npm is managed by npm
82 verbose gentlyRm verifying that C:\Users\OSI-7\AppData\Roaming\npm is managed by npm
83 silly isManaged C:\Users\OSI-7\AppData\Roaming\npm is not inside C:\Users\OSI-7\AppData\Roaming\npm\node_modules
84 silly isManaged C:\Users\OSI-7\AppData\Roaming\npm is not inside C:\Users\OSI-7\AppData\Roaming\npm\node_modules
85 silly isManaged C:\Users\OSI-7\AppData\Roaming\npm is inside C:\Users\OSI-7\AppData\Roaming\npm
86 silly gentlyRm C:\Users\OSI-7\AppData\Roaming\npm is managed by npm
87 silly gentlyRm C:\Users\OSI-7\AppData\Roaming\npm\node_modules\brunch\node_modules\.bin\coffee.cmd is under C:\Users\OSI-7\AppData\Roaming\npm
88 verbose gentlyRm vacuuming C:\Users\OSI-7\AppData\Roaming\npm\node_modules\brunch\node_modules\.bin\coffee.cmd up to C:\Users\OSI-7\AppData\Roaming\npm
89 silly isManaged C:\Users\OSI-7\AppData\Roaming\npm is not inside C:\Users\OSI-7\AppData\Roaming\npm\node_modules
90 silly isManaged C:\Users\OSI-7\AppData\Roaming\npm is not inside C:\Users\OSI-7\AppData\Roaming\npm\node_modules
91 silly isManaged C:\Users\OSI-7\AppData\Roaming\npm is inside C:\Users\OSI-7\AppData\Roaming\npm
92 silly gentlyRm C:\Users\OSI-7\AppData\Roaming\npm is managed by npm
93 silly gentlyRm C:\Users\OSI-7\AppData\Roaming\npm\node_modules\brunch\node_modules\.bin\cake.cmd is under C:\Users\OSI-7\AppData\Roaming\npm
94 verbose gentlyRm vacuuming C:\Users\OSI-7\AppData\Roaming\npm\node_modules\brunch\node_modules\.bin\cake.cmd up to C:\Users\OSI-7\AppData\Roaming\npm
95 silly gentlyRm removing C:\Users\OSI-7\AppData\Roaming\npm\node_modules\brunch\node_modules\.bin\coffee.cmd
96 silly gentlyRm removing C:\Users\OSI-7\AppData\Roaming\npm\node_modules\brunch\node_modules\.bin\cake.cmd
97 silly gentlyRm quitting because other entries in C:\Users\OSI-7\AppData\Roaming\npm\node_modules\brunch\node_modules\.bin
98 verbose gentlyRm verifying that C:\Users\OSI-7\AppData\Roaming\npm is managed by npm
99 silly isManaged C:\Users\OSI-7\AppData\Roaming\npm is not inside C:\Users\OSI-7\AppData\Roaming\npm\node_modules
100 silly isManaged C:\Users\OSI-7\AppData\Roaming\npm is not inside C:\Users\OSI-7\AppData\Roaming\npm\node_modules
101 silly isManaged C:\Users\OSI-7\AppData\Roaming\npm is inside C:\Users\OSI-7\AppData\Roaming\npm
102 silly gentlyRm C:\Users\OSI-7\AppData\Roaming\npm is managed by npm
103 silly gentlyRm C:\Users\OSI-7\AppData\Roaming\npm\node_modules\brunch\node_modules\.bin\coffee is under C:\Users\OSI-7\AppData\Roaming\npm
104 verbose gentlyRm vacuuming C:\Users\OSI-7\AppData\Roaming\npm\node_modules\brunch\node_modules\.bin\coffee up to C:\Users\OSI-7\AppData\Roaming\npm
105 silly gentlyRm quitting because other entries in C:\Users\OSI-7\AppData\Roaming\npm\node_modules\brunch\node_modules\.bin
106 verbose gentlyRm verifying that C:\Users\OSI-7\AppData\Roaming\npm is managed by npm
107 silly isManaged C:\Users\OSI-7\AppData\Roaming\npm is not inside C:\Users\OSI-7\AppData\Roaming\npm\node_modules
108 silly isManaged C:\Users\OSI-7\AppData\Roaming\npm is not inside C:\Users\OSI-7\AppData\Roaming\npm\node_modules
109 silly isManaged C:\Users\OSI-7\AppData\Roaming\npm is inside C:\Users\OSI-7\AppData\Roaming\npm
110 silly gentlyRm C:\Users\OSI-7\AppData\Roaming\npm is managed by npm
111 silly gentlyRm C:\Users\OSI-7\AppData\Roaming\npm\node_modules\brunch\node_modules\.bin\cake is under C:\Users\OSI-7\AppData\Roaming\npm
112 verbose gentlyRm vacuuming C:\Users\OSI-7\AppData\Roaming\npm\node_modules\brunch\node_modules\.bin\cake up to C:\Users\OSI-7\AppData\Roaming\npm
113 silly gentlyRm removing C:\Users\OSI-7\AppData\Roaming\npm\node_modules\brunch\node_modules\.bin\coffee
114 silly gentlyRm removing C:\Users\OSI-7\AppData\Roaming\npm\node_modules\brunch\node_modules\.bin\cake
115 silly gentlyRm quitting because other entries in C:\Users\OSI-7\AppData\Roaming\npm\node_modules\brunch\node_modules\.bin
116 silly gentlyRm quitting because other entries in C:\Users\OSI-7\AppData\Roaming\npm\node_modules\brunch\node_modules\.bin
117 info postuninstall coffee-script@1.8.0
118 verbose gentlyRm vacuuming C:\Users\OSI-7\AppData\Roaming\npm\node_modules\brunch\node_modules\coffee-script
119 silly gentlyRm purging C:\Users\OSI-7\AppData\Roaming\npm\node_modules\brunch\node_modules\coffee-script
120 silly gentlyRm quitting because other entries in C:\Users\OSI-7\AppData\Roaming\npm\node_modules\brunch\node_modules
121 verbose tar unpack C:\Users\OSI-7\AppData\Roaming\npm-cache\coffee-script\1.8.0\package.tgz
122 verbose tar unpacking to C:\Users\OSI-7\AppData\Roaming\npm\node_modules\brunch\node_modules\coffee-script
123 verbose gentlyRm vacuuming C:\Users\OSI-7\AppData\Roaming\npm\node_modules\brunch\node_modules\coffee-script
124 silly gunzTarPerm modes [ '777', '666' ]
125 silly gunzTarPerm extractEntry package.json
126 silly gunzTarPerm modified mode [ 'package.json', 420, 438 ]
127 silly gunzTarPerm extractEntry .npmignore
128 silly gunzTarPerm modified mode [ '.npmignore', 420, 438 ]
129 silly gunzTarPerm extractEntry README
130 silly gunzTarPerm modified mode [ 'README', 420, 438 ]
131 silly gunzTarPerm extractEntry README.md
132 silly gunzTarPerm modified mode [ 'README.md', 420, 438 ]
133 silly gunzTarPerm extractEntry LICENSE
134 silly gunzTarPerm modified mode [ 'LICENSE', 420, 438 ]
135 silly gunzTarPerm extractEntry register.js
136 silly gunzTarPerm modified mode [ 'register.js', 420, 438 ]
137 silly gunzTarPerm extractEntry repl.js
138 silly gunzTarPerm modified mode [ 'repl.js', 420, 438 ]
139 silly gunzTarPerm extractEntry CNAME
140 silly gunzTarPerm modified mode [ 'CNAME', 420, 438 ]
141 silly gunzTarPerm extractEntry bin/cake
142 silly gunzTarPerm modified mode [ 'bin/cake', 493, 511 ]
143 silly gunzTarPerm extractEntry bin/coffee
144 silly gunzTarPerm modified mode [ 'bin/coffee', 493, 511 ]
145 silly gunzTarPerm extractEntry lib/coffee-script/browser.js
146 silly gunzTarPerm modified mode [ 'lib/coffee-script/browser.js', 420, 438 ]
147 silly gunzTarPerm extractEntry lib/coffee-script/grammar.js
148 silly gunzTarPerm modified mode [ 'lib/coffee-script/grammar.js', 420, 438 ]
149 silly gunzTarPerm extractEntry lib/coffee-script/helpers.js
150 silly gunzTarPerm modified mode [ 'lib/coffee-script/helpers.js', 420, 438 ]
151 silly gunzTarPerm extractEntry lib/coffee-script/index.js
152 silly gunzTarPerm modified mode [ 'lib/coffee-script/index.js', 420, 438 ]
153 silly gunzTarPerm extractEntry lib/coffee-script/lexer.js
154 silly gunzTarPerm modified mode [ 'lib/coffee-script/lexer.js', 420, 438 ]
155 silly gunzTarPerm extractEntry lib/coffee-script/command.js
156 silly gunzTarPerm modified mode [ 'lib/coffee-script/command.js', 420, 438 ]
157 silly gunzTarPerm extractEntry lib/coffee-script/optparse.js
158 silly gunzTarPerm modified mode [ 'lib/coffee-script/optparse.js', 420, 438 ]
159 silly gunzTarPerm extractEntry lib/coffee-script/parser.js
160 silly gunzTarPerm modified mode [ 'lib/coffee-script/parser.js', 493, 511 ]
161 silly gunzTarPerm extractEntry lib/coffee-script/register.js
162 silly gunzTarPerm modified mode [ 'lib/coffee-script/register.js', 420, 438 ]
163 silly gunzTarPerm extractEntry lib/coffee-script/repl.js
164 silly gunzTarPerm modified mode [ 'lib/coffee-script/repl.js', 420, 438 ]
165 silly gunzTarPerm extractEntry lib/coffee-script/rewriter.js
166 silly gunzTarPerm modified mode [ 'lib/coffee-script/rewriter.js', 420, 438 ]
167 silly gunzTarPerm extractEntry lib/coffee-script/coffee-script.js
168 silly gunzTarPerm modified mode [ 'lib/coffee-script/coffee-script.js', 420, 438 ]
169 silly gunzTarPerm extractEntry lib/coffee-script/scope.js
170 silly gunzTarPerm modified mode [ 'lib/coffee-script/scope.js', 420, 438 ]
171 silly gunzTarPerm extractEntry lib/coffee-script/cake.js
172 silly gunzTarPerm modified mode [ 'lib/coffee-script/cake.js', 420, 438 ]
173 silly gunzTarPerm extractEntry lib/coffee-script/sourcemap.js
174 silly gunzTarPerm modified mode [ 'lib/coffee-script/sourcemap.js', 420, 438 ]
175 silly gunzTarPerm extractEntry lib/coffee-script/nodes.js
176 silly gunzTarPerm modified mode [ 'lib/coffee-script/nodes.js', 420, 438 ]
177 silly gunzTarPerm extractEntry CONTRIBUTING.md
178 silly gunzTarPerm modified mode [ 'CONTRIBUTING.md', 420, 438 ]
179 info preinstall coffee-script@1.8.0
180 silly prepareForInstallMany adding mkdirp@~0.3.5 from coffee-script dependencies
181 silly cache add args [ 'mkdirp@~0.3.5', null ]
182 verbose cache add spec mkdirp@~0.3.5
183 silly cache add parsed spec { raw: 'mkdirp@~0.3.5',
183 silly cache add   scope: null,
183 silly cache add   name: 'mkdirp',
183 silly cache add   rawSpec: '~0.3.5',
183 silly cache add   spec: '>=0.3.5 <0.4.0',
183 silly cache add   type: 'range' }
184 verbose addNamed mkdirp@>=0.3.5 <0.4.0
185 silly addNamed semver.valid null
186 silly addNamed semver.validRange >=0.3.5 <0.4.0
187 silly addNameRange { name: 'mkdirp', range: '>=0.3.5 <0.4.0', hasData: false }
188 silly mapToRegistry name mkdirp
189 silly mapToRegistry using default registry
190 silly mapToRegistry registry https://registry.npmjs.org/
191 silly mapToRegistry uri https://registry.npmjs.org/mkdirp
192 verbose addNameRange registry:https://registry.npmjs.org/mkdirp not in flight; fetching
193 verbose request uri https://registry.npmjs.org/mkdirp
194 verbose request no auth needed
195 info attempt registry request try #1 at 1:37:16 PM
196 verbose etag "7NGA2H1E5XSW55H07EGUJ2O8I"
197 http request GET https://registry.npmjs.org/mkdirp
198 http fetch 200 https://registry.npmjs.org/coffee-script/-/coffee-script-1.9.1.tgz
199 http 304 https://registry.npmjs.org/mkdirp
200 silly get cb [ 304,
200 silly get   { date: 'Thu, 19 Feb 2015 19:37:15 GMT',
200 silly get     server: 'Apache',
200 silly get     via: '1.1 varnish',
200 silly get     'last-modified': 'Thu, 19 Feb 2015 19:37:11 GMT',
200 silly get     'cache-control': 'max-age=60',
200 silly get     etag: '"7NGA2H1E5XSW55H07EGUJ2O8I"',
200 silly get     age: '15',
200 silly get     'x-served-by': 'cache-iad2140-IAD',
200 silly get     'x-cache': 'HIT',
200 silly get     'x-cache-hits': '2',
200 silly get     'x-timer': 'S1424374635.734207,VS0,VE0',
200 silly get     vary: 'Accept',
200 silly get     'content-length': '0',
200 silly get     'keep-alive': 'timeout=10, max=50',
200 silly get     connection: 'Keep-Alive' } ]
201 verbose etag https://registry.npmjs.org/mkdirp from cache
202 verbose get saving mkdirp to C:\Users\OSI-7\AppData\Roaming\npm-cache\registry.npmjs.org\mkdirp\.cache.json
203 silly addNameRange number 2 { name: 'mkdirp', range: '>=0.3.5 <0.4.0', hasData: true }
204 silly addNameRange versions [ 'mkdirp',
204 silly addNameRange   [ '0.0.1',
204 silly addNameRange     '0.0.2',
204 silly addNameRange     '0.0.3',
204 silly addNameRange     '0.0.4',
204 silly addNameRange     '0.0.5',
204 silly addNameRange     '0.0.6',
204 silly addNameRange     '0.0.7',
204 silly addNameRange     '0.1.0',
204 silly addNameRange     '0.2.0',
204 silly addNameRange     '0.2.1',
204 silly addNameRange     '0.2.2',
204 silly addNameRange     '0.3.0',
204 silly addNameRange     '0.3.1',
204 silly addNameRange     '0.3.2',
204 silly addNameRange     '0.3.3',
204 silly addNameRange     '0.3.4',
204 silly addNameRange     '0.3.5',
204 silly addNameRange     '0.4.0',
204 silly addNameRange     '0.4.1',
204 silly addNameRange     '0.4.2',
204 silly addNameRange     '0.5.0' ] ]
205 verbose addNamed mkdirp@0.3.5
206 silly addNamed semver.valid 0.3.5
207 silly addNamed semver.validRange 0.3.5
208 silly cache afterAdd mkdirp@0.3.5
209 verbose afterAdd C:\Users\OSI-7\AppData\Roaming\npm-cache\mkdirp\0.3.5\package\package.json not in flight; writing
210 verbose afterAdd C:\Users\OSI-7\AppData\Roaming\npm-cache\mkdirp\0.3.5\package\package.json written
211 silly install resolved [ { name: 'mkdirp',
211 silly install resolved     description: 'Recursively mkdir, like `mkdir -p`',
211 silly install resolved     version: '0.3.5',
211 silly install resolved     author:
211 silly install resolved      { name: 'James Halliday',
211 silly install resolved        email: 'mail@substack.net',
211 silly install resolved        url: 'http://substack.net' },
211 silly install resolved     main: './index',
211 silly install resolved     keywords: [ 'mkdir', 'directory' ],
211 silly install resolved     repository:
211 silly install resolved      { type: 'git',
211 silly install resolved        url: 'http://github.com/substack/node-mkdirp.git' },
211 silly install resolved     scripts: { test: 'tap test/*.js' },
211 silly install resolved     devDependencies: { tap: '~0.4.0' },
211 silly install resolved     license: 'MIT',
211 silly install resolved     _id: 'mkdirp@0.3.5',
211 silly install resolved     dist:
211 silly install resolved      { shasum: 'de3e5f8961c88c787ee1368df849ac4413eca8d7',
211 silly install resolved        tarball: 'http://registry.npmjs.org/mkdirp/-/mkdirp-0.3.5.tgz' },
211 silly install resolved     _from: 'mkdirp@>=0.3.5 <0.4.0',
211 silly install resolved     _npmVersion: '1.2.2',
211 silly install resolved     _npmUser: { name: 'substack', email: 'mail@substack.net' },
211 silly install resolved     maintainers: [ [Object] ],
211 silly install resolved     directories: {},
211 silly install resolved     _shasum: 'de3e5f8961c88c787ee1368df849ac4413eca8d7',
211 silly install resolved     _resolved: 'https://registry.npmjs.org/mkdirp/-/mkdirp-0.3.5.tgz',
211 silly install resolved     bugs: { url: 'https://github.com/substack/node-mkdirp/issues' },
211 silly install resolved     readme: 'ERROR: No README data found!',
211 silly install resolved     homepage: 'https://github.com/substack/node-mkdirp' } ]
212 info install mkdirp@0.3.5 into C:\Users\OSI-7\AppData\Roaming\npm\node_modules\brunch\node_modules\coffee-script
213 info installOne mkdirp@0.3.5
214 verbose installOne of mkdirp to C:\Users\OSI-7\AppData\Roaming\npm\node_modules\brunch\node_modules\coffee-script not in flight; installing
215 verbose lock using C:\Users\OSI-7\AppData\Roaming\npm-cache\_locks\mkdirp-d6e8e665a8f17f86.lock for C:\Users\OSI-7\AppData\Roaming\npm\node_modules\brunch\node_modules\coffee-script\node_modules\mkdirp
216 silly install write writing mkdirp 0.3.5 to C:\Users\OSI-7\AppData\Roaming\npm\node_modules\brunch\node_modules\coffee-script\node_modules\mkdirp
217 silly cache addNamed cb mkdirp@0.3.5
218 verbose unbuild node_modules\brunch\node_modules\coffee-script\node_modules\mkdirp
219 verbose gentlyRm vacuuming C:\Users\OSI-7\AppData\Roaming\npm\node_modules\brunch\node_modules\coffee-script\node_modules\mkdirp
220 verbose tar unpack C:\Users\OSI-7\AppData\Roaming\npm-cache\mkdirp\0.3.5\package.tgz
221 verbose tar unpacking to C:\Users\OSI-7\AppData\Roaming\npm\node_modules\brunch\node_modules\coffee-script\node_modules\mkdirp
222 verbose gentlyRm vacuuming C:\Users\OSI-7\AppData\Roaming\npm\node_modules\brunch\node_modules\coffee-script\node_modules\mkdirp
223 silly gunzTarPerm modes [ '777', '666' ]
224 silly gunzTarPerm extractEntry package.json
225 silly gunzTarPerm modified mode [ 'package.json', 420, 438 ]
226 silly gunzTarPerm extractEntry .npmignore
227 silly gunzTarPerm modified mode [ '.npmignore', 420, 438 ]
228 silly gunzTarPerm extractEntry LICENSE
229 silly gunzTarPerm modified mode [ 'LICENSE', 420, 438 ]
230 silly gunzTarPerm extractEntry index.js
231 silly gunzTarPerm modified mode [ 'index.js', 420, 438 ]
232 silly gunzTarPerm extractEntry examples/pow.js
233 silly gunzTarPerm modified mode [ 'examples/pow.js', 420, 438 ]
234 silly gunzTarPerm extractEntry readme.markdown
235 silly gunzTarPerm modified mode [ 'readme.markdown', 420, 438 ]
236 silly gunzTarPerm extractEntry test/perm.js
237 silly gunzTarPerm modified mode [ 'test/perm.js', 420, 438 ]
238 silly gunzTarPerm extractEntry test/perm_sync.js
239 silly gunzTarPerm modified mode [ 'test/perm_sync.js', 420, 438 ]
240 silly gunzTarPerm extractEntry test/race.js
241 silly gunzTarPerm modified mode [ 'test/race.js', 420, 438 ]
242 silly gunzTarPerm extractEntry test/rel.js
243 silly gunzTarPerm modified mode [ 'test/rel.js', 420, 438 ]
244 silly gunzTarPerm extractEntry test/return.js
245 silly gunzTarPerm modified mode [ 'test/return.js', 420, 438 ]
246 silly gunzTarPerm extractEntry test/clobber.js
247 silly gunzTarPerm modified mode [ 'test/clobber.js', 420, 438 ]
248 silly gunzTarPerm extractEntry test/root.js
249 silly gunzTarPerm modified mode [ 'test/root.js', 420, 438 ]
250 silly gunzTarPerm extractEntry test/umask.js
251 silly gunzTarPerm modified mode [ 'test/umask.js', 420, 438 ]
252 silly gunzTarPerm extractEntry test/sync.js
253 silly gunzTarPerm modified mode [ 'test/sync.js', 420, 438 ]
254 silly gunzTarPerm extractEntry test/chmod.js
255 silly gunzTarPerm modified mode [ 'test/chmod.js', 420, 438 ]
256 silly gunzTarPerm extractEntry test/umask_sync.js
257 silly gunzTarPerm modified mode [ 'test/umask_sync.js', 420, 438 ]
258 silly gunzTarPerm extractEntry test/return_sync.js
259 silly gunzTarPerm modified mode [ 'test/return_sync.js', 420, 438 ]
260 silly gunzTarPerm extractEntry test/mkdirp.js
261 silly gunzTarPerm modified mode [ 'test/mkdirp.js', 420, 438 ]
262 silly gunzTarPerm extractEntry .travis.yml
263 silly gunzTarPerm modified mode [ '.travis.yml', 420, 438 ]
264 info preinstall mkdirp@0.3.5
265 silly install resolved []
266 verbose about to build C:\Users\OSI-7\AppData\Roaming\npm\node_modules\brunch\node_modules\coffee-script\node_modules\mkdirp
267 info build C:\Users\OSI-7\AppData\Roaming\npm\node_modules\brunch\node_modules\coffee-script\node_modules\mkdirp
268 verbose linkStuff [ true,
268 verbose linkStuff   'C:\\Users\\OSI-7\\AppData\\Roaming\\npm\\node_modules',
268 verbose linkStuff   false,
268 verbose linkStuff   'C:\\Users\\OSI-7\\AppData\\Roaming\\npm\\node_modules\\brunch\\node_modules\\coffee-script\\node_modules' ]
269 info linkStuff mkdirp@0.3.5
270 verbose linkBins mkdirp@0.3.5
271 verbose linkMans mkdirp@0.3.5
272 verbose rebuildBundles mkdirp@0.3.5
273 info install mkdirp@0.3.5
274 info postinstall mkdirp@0.3.5
275 verbose unlock done using C:\Users\OSI-7\AppData\Roaming\npm-cache\_locks\mkdirp-d6e8e665a8f17f86.lock for C:\Users\OSI-7\AppData\Roaming\npm\node_modules\brunch\node_modules\coffee-script\node_modules\mkdirp
276 verbose about to build C:\Users\OSI-7\AppData\Roaming\npm\node_modules\brunch\node_modules\coffee-script
277 info build C:\Users\OSI-7\AppData\Roaming\npm\node_modules\brunch\node_modules\coffee-script
278 verbose linkStuff [ true,
278 verbose linkStuff   'C:\\Users\\OSI-7\\AppData\\Roaming\\npm\\node_modules',
278 verbose linkStuff   false,
278 verbose linkStuff   'C:\\Users\\OSI-7\\AppData\\Roaming\\npm\\node_modules\\brunch\\node_modules' ]
279 info linkStuff coffee-script@1.8.0
280 verbose linkBins coffee-script@1.8.0
281 verbose link bins [ { coffee: './bin/coffee', cake: './bin/cake' },
281 verbose link bins   'C:\\Users\\OSI-7\\AppData\\Roaming\\npm\\node_modules\\brunch\\node_modules\\.bin',
281 verbose link bins   false ]
282 verbose linkMans coffee-script@1.8.0
283 verbose rebuildBundles coffee-script@1.8.0
284 verbose rebuildBundles [ 'mkdirp' ]
285 info install coffee-script@1.8.0
286 info postinstall coffee-script@1.8.0
287 verbose unlock done using C:\Users\OSI-7\AppData\Roaming\npm-cache\_locks\coffee-script-f6338046fe95aec6.lock for C:\Users\OSI-7\AppData\Roaming\npm\node_modules\brunch\node_modules\coffee-script
288 silly fetchAndShaCheck shasum c458d02200f460d064a79cb6ab1ee6e2c9ca1c31
289 verbose addTmpTarball C:\Users\OSI-7\AppData\Local\Temp\npm-1856-531165ab\registry.npmjs.org\coffee-script\-\coffee-script-1.9.1.tgz not in flight; adding
290 verbose addTmpTarball already have metadata; skipping unpack for coffee-script@1.9.1
291 silly cache afterAdd coffee-script@1.9.1
292 verbose afterAdd C:\Users\OSI-7\AppData\Roaming\npm-cache\coffee-script\1.9.1\package\package.json not in flight; writing
293 verbose afterAdd C:\Users\OSI-7\AppData\Roaming\npm-cache\coffee-script\1.9.1\package\package.json written
294 silly install resolved [ { name: 'coffee-script',
294 silly install resolved     description: 'Unfancy JavaScript',
294 silly install resolved     keywords: [ 'javascript', 'language', 'coffeescript', 'compiler' ],
294 silly install resolved     author: { name: 'Jeremy Ashkenas' },
294 silly install resolved     version: '1.9.1',
294 silly install resolved     license: 'MIT',
294 silly install resolved     engines: { node: '>=0.8.0' },
294 silly install resolved     directories: { lib: './lib/coffee-script' },
294 silly install resolved     main: './lib/coffee-script/coffee-script',
294 silly install resolved     bin: { coffee: './bin/coffee', cake: './bin/cake' },
294 silly install resolved     preferGlobal: true,
294 silly install resolved     scripts:
294 silly install resolved      { test: 'node ./bin/cake test',
294 silly install resolved        'test-harmony': 'node --harmony ./bin/cake test' },
294 silly install resolved     homepage: 'http://coffeescript.org',
294 silly install resolved     bugs: { url: 'https://github.com/jashkenas/coffeescript/issues' },
294 silly install resolved     repository:
294 silly install resolved      { type: 'git',
294 silly install resolved        url: 'git://github.com/jashkenas/coffeescript.git' },
294 silly install resolved     devDependencies:
294 silly install resolved      { 'uglify-js': '~2.2',
294 silly install resolved        jison: '>=0.2.0',
294 silly install resolved        'highlight.js': '~8.0.0',
294 silly install resolved        underscore: '~1.5.2',
294 silly install resolved        docco: '~0.7.0' },
294 silly install resolved     gitHead: '533ad8afe920b2dbf64ffb00efda45648242cc24',
294 silly install resolved     _id: 'coffee-script@1.9.1',
294 silly install resolved     _shasum: 'c458d02200f460d064a79cb6ab1ee6e2c9ca1c31',
294 silly install resolved     _from: 'coffee-script@1.9.1',
294 silly install resolved     _npmVersion: '1.4.28',
294 silly install resolved     _npmUser: { name: 'jashkenas', email: 'jashkenas@gmail.com' },
294 silly install resolved     maintainers: [ [Object], [Object] ],
294 silly install resolved     dist:
294 silly install resolved      { shasum: 'c458d02200f460d064a79cb6ab1ee6e2c9ca1c31',
294 silly install resolved        tarball: 'http://registry.npmjs.org/coffee-script/-/coffee-script-1.9.1.tgz' },
294 silly install resolved     _resolved: 'https://registry.npmjs.org/coffee-script/-/coffee-script-1.9.1.tgz' } ]
295 info install coffee-script@1.9.1 into C:\Users\OSI-7\AppData\Roaming\npm
296 info installOne coffee-script@1.9.1
297 verbose installOne of coffee-script to C:\Users\OSI-7\AppData\Roaming\npm not in flight; installing
298 verbose lock using C:\Users\OSI-7\AppData\Roaming\npm-cache\_locks\coffee-script-dd5f5dd6302c592b.lock for C:\Users\OSI-7\AppData\Roaming\npm\node_modules\coffee-script
299 silly install write writing coffee-script 1.9.1 to C:\Users\OSI-7\AppData\Roaming\npm\node_modules\coffee-script
300 silly cache addNamed cb coffee-script@1.9.1
301 verbose unbuild node_modules\coffee-script
302 info preuninstall coffee-script@1.9.0
303 info uninstall coffee-script@1.9.0
304 verbose unbuild rmStuff coffee-script@1.9.0 from C:\Users\OSI-7\AppData\Roaming\npm\node_modules
305 verbose gentlyRm verifying that C:\Users\OSI-7\AppData\Roaming\npm is managed by npm
306 silly isManaged C:\Users\OSI-7\AppData\Roaming\npm is not inside C:\Users\OSI-7\AppData\Roaming\npm\node_modules
307 silly isManaged C:\Users\OSI-7\AppData\Roaming\npm is not inside C:\Users\OSI-7\AppData\Roaming\npm\node_modules
308 silly isManaged C:\Users\OSI-7\AppData\Roaming\npm is inside C:\Users\OSI-7\AppData\Roaming\npm
309 verbose gentlyRm verifying that C:\Users\OSI-7\AppData\Roaming\npm is managed by npm
310 silly isManaged C:\Users\OSI-7\AppData\Roaming\npm is not inside C:\Users\OSI-7\AppData\Roaming\npm\node_modules
311 silly isManaged C:\Users\OSI-7\AppData\Roaming\npm is not inside C:\Users\OSI-7\AppData\Roaming\npm\node_modules
312 silly isManaged C:\Users\OSI-7\AppData\Roaming\npm is inside C:\Users\OSI-7\AppData\Roaming\npm
313 silly gentlyRm C:\Users\OSI-7\AppData\Roaming\npm is managed by npm
314 silly gentlyRm C:\Users\OSI-7\AppData\Roaming\npm\coffee.cmd is under C:\Users\OSI-7\AppData\Roaming\npm
315 verbose gentlyRm vacuuming C:\Users\OSI-7\AppData\Roaming\npm\coffee.cmd up to C:\Users\OSI-7\AppData\Roaming\npm
316 silly gentlyRm C:\Users\OSI-7\AppData\Roaming\npm is managed by npm
317 silly gentlyRm C:\Users\OSI-7\AppData\Roaming\npm\cake.cmd is under C:\Users\OSI-7\AppData\Roaming\npm
318 verbose gentlyRm vacuuming C:\Users\OSI-7\AppData\Roaming\npm\cake.cmd up to C:\Users\OSI-7\AppData\Roaming\npm
319 silly gentlyRm removing C:\Users\OSI-7\AppData\Roaming\npm\coffee.cmd
320 silly gentlyRm removing C:\Users\OSI-7\AppData\Roaming\npm\cake.cmd
321 silly gentlyRm finished vacuuming up to C:\Users\OSI-7\AppData\Roaming\npm
322 verbose gentlyRm verifying that C:\Users\OSI-7\AppData\Roaming\npm is managed by npm
323 silly isManaged C:\Users\OSI-7\AppData\Roaming\npm is not inside C:\Users\OSI-7\AppData\Roaming\npm\node_modules
324 silly isManaged C:\Users\OSI-7\AppData\Roaming\npm is not inside C:\Users\OSI-7\AppData\Roaming\npm\node_modules
325 silly isManaged C:\Users\OSI-7\AppData\Roaming\npm is inside C:\Users\OSI-7\AppData\Roaming\npm
326 silly gentlyRm C:\Users\OSI-7\AppData\Roaming\npm is managed by npm
327 silly gentlyRm C:\Users\OSI-7\AppData\Roaming\npm\coffee is under C:\Users\OSI-7\AppData\Roaming\npm
328 verbose gentlyRm vacuuming C:\Users\OSI-7\AppData\Roaming\npm\coffee up to C:\Users\OSI-7\AppData\Roaming\npm
329 silly gentlyRm finished vacuuming up to C:\Users\OSI-7\AppData\Roaming\npm
330 verbose gentlyRm verifying that C:\Users\OSI-7\AppData\Roaming\npm is managed by npm
331 silly isManaged C:\Users\OSI-7\AppData\Roaming\npm is not inside C:\Users\OSI-7\AppData\Roaming\npm\node_modules
332 silly isManaged C:\Users\OSI-7\AppData\Roaming\npm is not inside C:\Users\OSI-7\AppData\Roaming\npm\node_modules
333 silly isManaged C:\Users\OSI-7\AppData\Roaming\npm is inside C:\Users\OSI-7\AppData\Roaming\npm
334 silly gentlyRm C:\Users\OSI-7\AppData\Roaming\npm is managed by npm
335 silly gentlyRm C:\Users\OSI-7\AppData\Roaming\npm\cake is under C:\Users\OSI-7\AppData\Roaming\npm
336 verbose gentlyRm vacuuming C:\Users\OSI-7\AppData\Roaming\npm\cake up to C:\Users\OSI-7\AppData\Roaming\npm
337 silly gentlyRm removing C:\Users\OSI-7\AppData\Roaming\npm\coffee
338 silly gentlyRm removing C:\Users\OSI-7\AppData\Roaming\npm\cake
339 silly gentlyRm finished vacuuming up to C:\Users\OSI-7\AppData\Roaming\npm
340 silly gentlyRm finished vacuuming up to C:\Users\OSI-7\AppData\Roaming\npm
341 info postuninstall coffee-script@1.9.0
342 verbose gentlyRm vacuuming C:\Users\OSI-7\AppData\Roaming\npm\node_modules\coffee-script
343 silly gentlyRm purging C:\Users\OSI-7\AppData\Roaming\npm\node_modules\coffee-script
344 silly gentlyRm quitting because other entries in C:\Users\OSI-7\AppData\Roaming\npm\node_modules
345 verbose tar unpack C:\Users\OSI-7\AppData\Roaming\npm-cache\coffee-script\1.9.1\package.tgz
346 verbose tar unpacking to C:\Users\OSI-7\AppData\Roaming\npm\node_modules\coffee-script
347 verbose gentlyRm vacuuming C:\Users\OSI-7\AppData\Roaming\npm\node_modules\coffee-script
348 silly gunzTarPerm modes [ '777', '666' ]
349 silly gunzTarPerm extractEntry package.json
350 silly gunzTarPerm modified mode [ 'package.json', 420, 438 ]
351 silly gunzTarPerm extractEntry .npmignore
352 silly gunzTarPerm modified mode [ '.npmignore', 420, 438 ]
353 silly gunzTarPerm extractEntry README
354 silly gunzTarPerm modified mode [ 'README', 420, 438 ]
355 silly gunzTarPerm extractEntry README.md
356 silly gunzTarPerm modified mode [ 'README.md', 420, 438 ]
357 silly gunzTarPerm extractEntry LICENSE
358 silly gunzTarPerm modified mode [ 'LICENSE', 420, 438 ]
359 silly gunzTarPerm extractEntry register.js
360 silly gunzTarPerm modified mode [ 'register.js', 420, 438 ]
361 silly gunzTarPerm extractEntry repl.js
362 silly gunzTarPerm modified mode [ 'repl.js', 420, 438 ]
363 silly gunzTarPerm extractEntry bin/cake
364 silly gunzTarPerm modified mode [ 'bin/cake', 493, 511 ]
365 silly gunzTarPerm extractEntry bin/coffee
366 silly gunzTarPerm modified mode [ 'bin/coffee', 493, 511 ]
367 silly gunzTarPerm extractEntry bower.json
368 silly gunzTarPerm modified mode [ 'bower.json', 420, 438 ]
369 silly gunzTarPerm extractEntry lib/coffee-script/browser.js
370 silly gunzTarPerm modified mode [ 'lib/coffee-script/browser.js', 420, 438 ]
371 silly gunzTarPerm extractEntry lib/coffee-script/grammar.js
372 silly gunzTarPerm modified mode [ 'lib/coffee-script/grammar.js', 420, 438 ]
373 silly gunzTarPerm extractEntry lib/coffee-script/helpers.js
374 silly gunzTarPerm modified mode [ 'lib/coffee-script/helpers.js', 420, 438 ]
375 silly gunzTarPerm extractEntry lib/coffee-script/index.js
376 silly gunzTarPerm modified mode [ 'lib/coffee-script/index.js', 420, 438 ]
377 silly gunzTarPerm extractEntry lib/coffee-script/lexer.js
378 silly gunzTarPerm modified mode [ 'lib/coffee-script/lexer.js', 420, 438 ]
379 silly gunzTarPerm extractEntry lib/coffee-script/command.js
380 silly gunzTarPerm modified mode [ 'lib/coffee-script/command.js', 420, 438 ]
381 silly gunzTarPerm extractEntry lib/coffee-script/optparse.js
382 silly gunzTarPerm modified mode [ 'lib/coffee-script/optparse.js', 420, 438 ]
383 silly gunzTarPerm extractEntry lib/coffee-script/parser.js
384 silly gunzTarPerm modified mode [ 'lib/coffee-script/parser.js', 493, 511 ]
385 silly gunzTarPerm extractEntry lib/coffee-script/register.js
386 silly gunzTarPerm modified mode [ 'lib/coffee-script/register.js', 420, 438 ]
387 silly gunzTarPerm extractEntry lib/coffee-script/repl.js
388 silly gunzTarPerm modified mode [ 'lib/coffee-script/repl.js', 420, 438 ]
389 silly gunzTarPerm extractEntry lib/coffee-script/rewriter.js
390 silly gunzTarPerm modified mode [ 'lib/coffee-script/rewriter.js', 420, 438 ]
391 silly gunzTarPerm extractEntry lib/coffee-script/coffee-script.js
392 silly gunzTarPerm modified mode [ 'lib/coffee-script/coffee-script.js', 420, 438 ]
393 silly gunzTarPerm extractEntry lib/coffee-script/scope.js
394 silly gunzTarPerm modified mode [ 'lib/coffee-script/scope.js', 420, 438 ]
395 silly gunzTarPerm extractEntry lib/coffee-script/cake.js
396 silly gunzTarPerm modified mode [ 'lib/coffee-script/cake.js', 420, 438 ]
397 silly gunzTarPerm extractEntry lib/coffee-script/sourcemap.js
398 silly gunzTarPerm modified mode [ 'lib/coffee-script/sourcemap.js', 420, 438 ]
399 silly gunzTarPerm extractEntry lib/coffee-script/nodes.js
400 silly gunzTarPerm modified mode [ 'lib/coffee-script/nodes.js', 420, 438 ]
401 silly gunzTarPerm extractEntry CNAME
402 silly gunzTarPerm modified mode [ 'CNAME', 420, 438 ]
403 silly gunzTarPerm extractEntry CONTRIBUTING.md
404 silly gunzTarPerm modified mode [ 'CONTRIBUTING.md', 420, 438 ]
405 info preinstall coffee-script@1.9.1
406 silly install resolved []
407 verbose about to build C:\Users\OSI-7\AppData\Roaming\npm\node_modules\coffee-script
408 info build C:\Users\OSI-7\AppData\Roaming\npm\node_modules\coffee-script
409 verbose linkStuff [ true,
409 verbose linkStuff   'C:\\Users\\OSI-7\\AppData\\Roaming\\npm\\node_modules',
409 verbose linkStuff   true,
409 verbose linkStuff   'C:\\Users\\OSI-7\\AppData\\Roaming\\npm\\node_modules' ]
410 info linkStuff coffee-script@1.9.1
411 verbose linkBins coffee-script@1.9.1
412 verbose link bins [ { coffee: './bin/coffee', cake: './bin/cake' },
412 verbose link bins   'C:\\Users\\OSI-7\\AppData\\Roaming\\npm',
412 verbose link bins   true ]
413 verbose linkMans coffee-script@1.9.1
414 verbose rebuildBundles coffee-script@1.9.1
415 info install coffee-script@1.9.1
416 info postinstall coffee-script@1.9.1
417 verbose unlock done using C:\Users\OSI-7\AppData\Roaming\npm-cache\_locks\coffee-script-dd5f5dd6302c592b.lock for C:\Users\OSI-7\AppData\Roaming\npm\node_modules\coffee-script
418 verbose stack Error: The package coffee-script does not satisfy its siblings' peerDependencies requirements!
418 verbose stack     at C:\Program Files (x86)\nodejs\node_modules\npm\lib\install.js:103:32
418 verbose stack     at C:\Program Files (x86)\nodejs\node_modules\npm\lib\install.js:225:5
418 verbose stack     at C:\Program Files (x86)\nodejs\node_modules\npm\node_modules\read-installed\read-installed.js:138:5
418 verbose stack     at C:\Program Files (x86)\nodejs\node_modules\npm\node_modules\read-installed\read-installed.js:251:14
418 verbose stack     at cb (C:\Program Files (x86)\nodejs\node_modules\npm\node_modules\slide\lib\async-map.js:47:24)
418 verbose stack     at C:\Program Files (x86)\nodejs\node_modules\npm\node_modules\read-installed\read-installed.js:251:14
418 verbose stack     at cb (C:\Program Files (x86)\nodejs\node_modules\npm\node_modules\slide\lib\async-map.js:47:24)
418 verbose stack     at C:\Program Files (x86)\nodejs\node_modules\npm\node_modules\read-installed\read-installed.js:251:14
418 verbose stack     at cb (C:\Program Files (x86)\nodejs\node_modules\npm\node_modules\slide\lib\async-map.js:47:24)
418 verbose stack     at C:\Program Files (x86)\nodejs\node_modules\npm\node_modules\read-installed\read-installed.js:251:14
419 verbose cwd C:\Users\OSI-7\Documents\Test Enviroments\ExpressAndAngularJs
420 error Windows_NT 6.1.7601
421 error argv "C:\\Program Files (x86)\\nodejs\\\\node.exe" "C:\\Program Files (x86)\\nodejs\\node_modules\\npm\\bin\\npm-cli.js" "update" "-g" "coffee-script"
422 error node v0.12.0
423 error npm  v2.5.1
424 error code EPEERINVALID
425 error peerinvalid The package coffee-script does not satisfy its siblings' peerDependencies requirements!
425 error peerinvalid Peer coffee-jshint@0.2.2 wants coffee-script@>= 1.6 <= 1.8.0
426 verbose exit [ 1, true ]
